<?xml version="1.0" encoding="UTF-8"?>
<!-- Generated by org.testng.reporters.JUnitXMLReporter -->
<testsuite hostname="Refaques-MacBook-Pro.local" name="Tests in FF" tests="1" failures="1" timestamp="23 Nov 2017 10:01:15 GMT" time="7.932" errors="0">
  <testcase name="feature" time="7.336" classname="com.atwStaffUI.runners.RunCukesTestInFirefox">
    <failure type="cucumber.runtime.CucumberException" message="org.openqa.selenium.WebDriverException: Reached error page: about:neterror?e=connectionFailure&amp;amp;u=http%3A//localhost%3A3030/&amp;amp;c=UTF-8&amp;amp;f=regular&amp;amp;d=Firefox%20can%E2%80%99t%20establish%20a%20connection%20to%20the%20server%20at%20localhost%3A3030.
Build info: version: &amp;apos;3.4.0&amp;apos;, revision: &amp;apos;unknown&amp;apos;, time: &amp;apos;unknown&amp;apos;
System info: host: &amp;apos;Refaques-MacBook-Pro.local&amp;apos;, ip: &amp;apos;192.168.108.206&amp;apos;, os.name: &amp;apos;Mac OS X&amp;apos;, os.arch: &amp;apos;x86_64&amp;apos;, os.version: &amp;apos;10.12.6&amp;apos;, java.version: &amp;apos;1.8.0_144&amp;apos;
Driver info: org.openqa.selenium.firefox.FirefoxDriver
Capabilities [{moz:profile=/var/folders/89/hkmrx_jd5t5bj16b_ml4ftp80000gn/T/rust_mozprofile.ted5eM9mEC7I, rotatable=false, timeouts={implicit=0.0, pageLoad=300000.0, script=30000.0}, pageLoadStrategy=normal, platform=ANY, specificationLevel=0.0, moz:accessibilityChecks=false, acceptInsecureCerts=false, browserVersion=55.0.3, platformVersion=16.7.0, moz:processID=2345.0, browserName=firefox, javascriptEnabled=true, platformName=darwin}]
Session ID: a85ba29d-7f6a-3044-9efb-6a3917e20292">
      <![CDATA[cucumber.runtime.CucumberException: org.openqa.selenium.WebDriverException: Reached error page: about:neterror?e=connectionFailure&u=http%3A//localhost%3A3030/&c=UTF-8&f=regular&d=Firefox%20can%E2%80%99t%20establish%20a%20connection%20to%20the%20server%20at%20localhost%3A3030.
Build info: version: '3.4.0', revision: 'unknown', time: 'unknown'
System info: host: 'Refaques-MacBook-Pro.local', ip: '192.168.108.206', os.name: 'Mac OS X', os.arch: 'x86_64', os.version: '10.12.6', java.version: '1.8.0_144'
Driver info: org.openqa.selenium.firefox.FirefoxDriver
Capabilities [{moz:profile=/var/folders/89/hkmrx_jd5t5bj16b_ml4ftp80000gn/T/rust_mozprofile.ted5eM9mEC7I, rotatable=false, timeouts={implicit=0.0, pageLoad=300000.0, script=30000.0}, pageLoadStrategy=normal, platform=ANY, specificationLevel=0.0, moz:accessibilityChecks=false, acceptInsecureCerts=false, browserVersion=55.0.3, platformVersion=16.7.0, moz:processID=2345.0, browserName=firefox, javascriptEnabled=true, platformName=darwin}]
Session ID: a85ba29d-7f6a-3044-9efb-6a3917e20292
	at cucumber.api.testng.TestNGCucumberRunner.runCucumber(TestNGCucumberRunner.java:69)
	at cucumber.api.testng.AbstractTestNGCucumberTests.feature(AbstractTestNGCucumberTests.java:21)
	at java.util.concurrent.FutureTask.run(FutureTask.java:266)
	at java.util.concurrent.ThreadPoolExecutor.runWorker(ThreadPoolExecutor.java:1149)
	at java.util.concurrent.ThreadPoolExecutor$Worker.run(ThreadPoolExecutor.java:624)
	at java.lang.Thread.run(Thread.java:748)
Caused by: org.openqa.selenium.WebDriverException: Reached error page: about:neterror?e=connectionFailure&u=http%3A//localhost%3A3030/&c=UTF-8&f=regular&d=Firefox%20can%E2%80%99t%20establish%20a%20connection%20to%20the%20server%20at%20localhost%3A3030.
Build info: version: '3.4.0', revision: 'unknown', time: 'unknown'
System info: host: 'Refaques-MacBook-Pro.local', ip: '192.168.108.206', os.name: 'Mac OS X', os.arch: 'x86_64', os.version: '10.12.6', java.version: '1.8.0_144'
Driver info: org.openqa.selenium.firefox.FirefoxDriver
Capabilities [{moz:profile=/var/folders/89/hkmrx_jd5t5bj16b_ml4ftp80000gn/T/rust_mozprofile.ted5eM9mEC7I, rotatable=false, timeouts={implicit=0.0, pageLoad=300000.0, script=30000.0}, pageLoadStrategy=normal, platform=ANY, specificationLevel=0.0, moz:accessibilityChecks=false, acceptInsecureCerts=false, browserVersion=55.0.3, platformVersion=16.7.0, moz:processID=2345.0, browserName=firefox, javascriptEnabled=true, platformName=darwin}]
Session ID: a85ba29d-7f6a-3044-9efb-6a3917e20292
	at org.openqa.selenium.remote.http.W3CHttpResponseCodec.createException(W3CHttpResponseCodec.java:150)
	at org.openqa.selenium.remote.http.W3CHttpResponseCodec.decode(W3CHttpResponseCodec.java:115)
	at org.openqa.selenium.remote.http.W3CHttpResponseCodec.decode(W3CHttpResponseCodec.java:45)
	at org.openqa.selenium.remote.HttpCommandExecutor.execute(HttpCommandExecutor.java:164)
	at org.openqa.selenium.remote.service.DriverCommandExecutor.execute(DriverCommandExecutor.java:82)
	at org.openqa.selenium.remote.RemoteWebDriver.execute(RemoteWebDriver.java:637)
	at org.openqa.selenium.remote.RemoteWebDriver.get(RemoteWebDriver.java:364)
	at com.atwStaffUI.pages.BasePage.goToSiteUrl(BasePage.java:62)
	at com.atwStaffUI.pages.MyCasesPage.goToTestUrl(MyCasesPage.java:94)
	at com.atwStaffUI.stepDefinitions.MyCasesSteps.goToTestUrl(MyCasesSteps.java:85)
	at âœ½.Given I go to Test Url(b_customerDetailsPage.feature:8)
... Removed 20 stack frames]]>
    </failure>
  </testcase> <!-- feature -->
</testsuite> <!-- Tests in FF -->
